<?xml version="1.0" encoding="UTF-8"?>
<!-- Generated by org.testng.reporters.JUnitXMLReporter -->
<testsuite ignored="2" hostname="LAPTOP-S23K1QM3" failures="0" tests="2" name="Test" time="13.5" errors="0" timestamp="22 Jul 2022 02:58:44 GMT">
  <testcase classname="script.TestClass2" name="testLogin" time="0.006"/>
  <testcase classname="script.TestClass1" name="testA" time="0.001"/>
  <testcase classname="generic.BaseTest" name="@BeforeSuite createReport" time="0.0">
    <ignored/>
  </testcase> <!-- @BeforeSuite createReport -->
  <testcase classname="generic.BaseTest" name="@AfterSuite publishReport" time="0.0">
    <ignored/>
  </testcase> <!-- @AfterSuite publishReport -->
</testsuite> <!-- Test -->
